2025-04-02 03:36:43,148 - __main__ - INFO - Using OpenCV detector
2025-04-02 03:36:43,178 - src.access_control.verifier - INFO - Using fixed detector implementation
2025-04-02 03:36:43,705 - faiss.loader - INFO - Loading faiss with AVX512 support.
2025-04-02 03:36:43,722 - faiss.loader - INFO - Successfully loaded faiss with AVX512 support.
2025-04-02 03:36:43,726 - faiss - INFO - Failed to load GPU Faiss: name 'GpuIndexIVFFlat' is not defined. Will not load constructor refs for GPU indexes.
2025-04-02 03:36:43,728 - __main__ - INFO - Testing recognition...
2025-04-02 03:36:44,494 - src.face.detector_fixed - ERROR - Error initializing fixed face detector: /run/media/suraj/EDITH/anaconda3/envs/bib/bin/../lib/libstdc++.so.6: version `GLIBCXX_3.4.32' not found (required by /run/media/suraj/EDITH/anaconda3/envs/bib/lib/python3.10/site-packages/insightface/thirdparty/face3d/mesh/cython/mesh_core_cython.cpython-310-x86_64-linux-gnu.so)
2025-04-02 03:36:44,494 - src.face.detector_fixed - INFO - Trying fallback to directly load detection models...
2025-04-02 03:36:44,494 - src.face.detector_fixed - WARNING - Using fallback implementation with direct ONNX model loading
2025-04-02 03:36:44,494 - src.face.detector_fixed - WARNING - Using extremely basic face detection fallback
2025-04-02 03:36:44,494 - src.face.embedder - INFO - Initialized face embedder
2025-04-02 03:36:44,495 - src.database.embeddings_db - INFO - Loaded database with 52 identities
2025-04-02 03:36:44,495 - src.access_control.verifier - INFO - Initialized access verifier with standard database
2025-04-02 03:36:44,515 - src.access_control.verifier - INFO - Access DENIED - Person: Unknown, Score: 0.0000
2025-04-02 03:36:44,515 - __main__ - INFO - Unknown face with score 0.0000 in 0.001s
2025-04-02 03:36:44,515 - __main__ - INFO - Top matches:
2025-04-02 03:36:44,515 - __main__ - INFO -   Aamir Khan: 0.0000
2025-04-02 03:36:44,515 - __main__ - INFO -   Aishwarya Rai: 0.0000
2025-04-02 03:36:44,515 - __main__ - INFO -   Ajay Devgn: 0.0000
2025-04-02 03:36:44,515 - __main__ - INFO -   Akshay Kumar: 0.0000
2025-04-02 03:36:44,515 - __main__ - INFO -   Alia Bhatt: 0.0000
2025-04-02 03:36:44,517 - src.access_control.verifier - INFO - Access DENIED - Person: Unknown, Score: 0.0000
2025-04-02 03:36:46,004 - __main__ - INFO - Testing completed
