2025-04-02 04:07:21,063 - __main__ - INFO - Using OpenCV detector
2025-04-02 04:07:21,064 - src.access_control.verifier - INFO - Using OpenCV detector
2025-04-02 04:07:21,598 - faiss.loader - INFO - Loading faiss with AVX512 support.
2025-04-02 04:07:21,613 - faiss.loader - INFO - Successfully loaded faiss with AVX512 support.
2025-04-02 04:07:21,619 - faiss - INFO - Failed to load GPU Faiss: name 'GpuIndexIVFFlat' is not defined. Will not load constructor refs for GPU indexes.
2025-04-02 04:07:21,621 - __main__ - INFO - Testing recognition...
2025-04-02 04:07:21,639 - src.face.opencv_detector - INFO - Initialized OpenCV Haar Cascade face detector
2025-04-02 04:07:21,640 - src.face.embedder - INFO - Initialized face embedder
2025-04-02 04:07:21,640 - src.database.embeddings_db - INFO - Loaded database with 52 identities
2025-04-02 04:07:21,640 - src.access_control.verifier - INFO - Initialized access verifier with standard database
2025-04-02 04:07:21,946 - src.access_control.verifier - INFO - Access GRANTED - Person: Salman Khan, Score: 0.5740
2025-04-02 04:07:21,947 - __main__ - INFO - Recognized as Salman Khan with score 0.5740 in 0.273s
2025-04-02 04:07:21,947 - __main__ - INFO - Top matches:
2025-04-02 04:07:21,947 - __main__ - INFO -   Salman Khan: 0.5740
2025-04-02 04:07:21,947 - __main__ - INFO -   Katrina Kaif: 0.0945
2025-04-02 04:07:21,947 - __main__ - INFO -   Sushmita Sen: 0.0794
2025-04-02 04:07:21,947 - __main__ - INFO -   Kareena Kapoor: 0.0722
2025-04-02 04:07:21,947 - __main__ - INFO -   Virat Kohli: 0.0545
2025-04-02 04:07:22,196 - src.access_control.verifier - INFO - Access GRANTED - Person: Salman Khan, Score: 0.5740
2025-04-02 04:07:26,106 - __main__ - INFO - Testing completed
