2025-04-03 23:25:28,184 - __main__ - INFO - Using OpenCV detector
2025-04-03 23:25:28,185 - src.access_control.verifier - INFO - Using OpenCV detector
2025-04-03 23:25:29,102 - faiss.loader - INFO - Loading faiss with AVX512 support.
2025-04-03 23:25:29,131 - faiss.loader - INFO - Successfully loaded faiss with AVX512 support.
2025-04-03 23:25:29,137 - faiss - INFO - Failed to load GPU Faiss: name 'GpuIndexIVFFlat' is not defined. Will not load constructor refs for GPU indexes.
2025-04-03 23:25:29,140 - __main__ - INFO - Testing recognition...
2025-04-03 23:25:29,160 - src.face.opencv_detector - INFO - Initialized OpenCV Haar Cascade face detector
2025-04-03 23:25:29,160 - src.face.embedder - INFO - Initialized face embedder
2025-04-03 23:25:29,160 - src.database.embeddings_db - INFO - Loaded database with 53 identities
2025-04-03 23:25:29,161 - src.access_control.verifier - INFO - Initialized access verifier with standard database
2025-04-03 23:25:29,705 - src.access_control.verifier - INFO - Access GRANTED - Person: Suraj, Score: 0.5013
2025-04-03 23:25:29,705 - __main__ - INFO - Recognized as Suraj with score 0.5013 in 0.513s
2025-04-03 23:25:29,705 - __main__ - INFO - Top matches:
2025-04-03 23:25:29,706 - __main__ - INFO -   Suraj: 0.5013
2025-04-03 23:25:29,706 - __main__ - INFO -   Priyanka Chopra: 0.1154
2025-04-03 23:25:29,706 - __main__ - INFO -   Anushka Sharma: 0.1101
2025-04-03 23:25:29,706 - __main__ - INFO -   Dhanush: 0.1100
2025-04-03 23:25:29,706 - __main__ - INFO -   Rekha: 0.0968
2025-04-03 23:25:30,184 - src.access_control.verifier - INFO - Access GRANTED - Person: Suraj, Score: 0.5013
2025-04-03 23:25:33,214 - __main__ - INFO - Testing completed
