2025-05-17 04:09:45,055 - __main__ - ERROR - Error importing OpenCV detector: No module named 'src.face.opencv_detector'
2025-05-17 04:09:45,234 - __main__ - INFO - Using fixed detector
2025-05-17 04:09:47,303 - faiss.loader - INFO - Loading faiss with AVX512 support.
2025-05-17 04:09:47,318 - faiss.loader - INFO - Successfully loaded faiss with AVX512 support.
2025-05-17 04:09:47,322 - faiss - INFO - Failed to load GPU Faiss: name 'GpuIndexIVFFlat' is not defined. Will not load constructor refs for GPU indexes.
2025-05-17 04:09:47,325 - __main__ - INFO - Testing recognition...
2025-05-17 04:09:48,235 - src.face.detector - INFO - Initialized face detector with model: buffalo_l
2025-05-17 04:09:48,235 - src.face.embedder - INFO - Initialized face embedder
2025-05-17 04:09:48,236 - src.database.embeddings_db - INFO - Loaded database with 26 identities
2025-05-17 04:09:48,236 - src.access_control.verifier - INFO - Initialized access verifier with standard database
2025-05-17 04:09:48,728 - src.access_control.verifier - INFO - Access GRANTED - Person: Suraj, Score: 0.7623
2025-05-17 04:09:48,729 - __main__ - INFO - Recognized as Suraj with score 0.7623 in 0.489s
2025-05-17 04:09:48,729 - __main__ - INFO - Top matches:
2025-05-17 04:09:48,729 - __main__ - INFO -   Suraj: 0.7623
2025-05-17 04:09:48,729 - __main__ - INFO -   shubham: 0.1555
2025-05-17 04:09:48,729 - __main__ - INFO -   Ranveer Singh: 0.0991
2025-05-17 04:09:48,729 - __main__ - INFO -   Vijay: 0.0905
2025-05-17 04:09:48,729 - __main__ - INFO -   Saina Nehwal: 0.0795
2025-05-17 04:09:49,205 - src.access_control.verifier - INFO - Access GRANTED - Person: Suraj, Score: 0.7623
2025-05-17 04:09:50,871 - __main__ - INFO - Testing completed
