2025-04-02 04:07:02,501 - __main__ - INFO - Using OpenCV detector
2025-04-02 04:07:02,502 - src.access_control.verifier - INFO - Using OpenCV detector
2025-04-02 04:07:03,120 - faiss.loader - INFO - Loading faiss with AVX512 support.
2025-04-02 04:07:03,135 - faiss.loader - INFO - Successfully loaded faiss with AVX512 support.
2025-04-02 04:07:03,142 - faiss - INFO - Failed to load GPU Faiss: name 'GpuIndexIVFFlat' is not defined. Will not load constructor refs for GPU indexes.
2025-04-02 04:07:03,144 - __main__ - INFO - Testing recognition...
2025-04-02 04:07:03,166 - src.face.opencv_detector - INFO - Initialized OpenCV Haar Cascade face detector
2025-04-02 04:07:03,166 - src.face.embedder - INFO - Initialized face embedder
2025-04-02 04:07:03,167 - src.database.embeddings_db - INFO - Loaded database with 52 identities
2025-04-02 04:07:03,167 - src.access_control.verifier - INFO - Initialized access verifier with standard database
2025-04-02 04:07:03,600 - src.access_control.verifier - INFO - Access GRANTED - Person: Aamir Khan, Score: 0.5813
2025-04-02 04:07:03,601 - __main__ - INFO - Recognized as Aamir Khan with score 0.5813 in 0.425s
2025-04-02 04:07:03,601 - __main__ - INFO - Top matches:
2025-04-02 04:07:03,601 - __main__ - INFO -   Aamir Khan: 0.5813
2025-04-02 04:07:03,601 - __main__ - INFO -   Shah Rukh Khan: 0.0756
2025-04-02 04:07:03,601 - __main__ - INFO -   Vijay: 0.0745
2025-04-02 04:07:03,601 - __main__ - INFO -   Kamal Haasan: 0.0683
2025-04-02 04:07:03,601 - __main__ - INFO -   Ranbir Kapoor: 0.0626
2025-04-02 04:07:03,999 - src.access_control.verifier - INFO - Access GRANTED - Person: Aamir Khan, Score: 0.5813
2025-04-02 04:07:10,955 - __main__ - INFO - Testing completed
