2025-05-17 03:57:54,770 - __main__ - ERROR - Error importing OpenCV detector: No module named 'src.face.opencv_detector'
2025-05-17 03:57:57,052 - __main__ - INFO - Using fixed detector
2025-05-17 03:57:57,433 - faiss.loader - INFO - Loading faiss with AVX512 support.
2025-05-17 03:57:57,453 - faiss.loader - INFO - Successfully loaded faiss with AVX512 support.
2025-05-17 03:57:57,458 - faiss - INFO - Failed to load GPU Faiss: name 'GpuIndexIVFFlat' is not defined. Will not load constructor refs for GPU indexes.
2025-05-17 03:57:57,462 - __main__ - INFO - Testing recognition...
2025-05-17 03:57:59,289 - src.face.detector - INFO - Initialized face detector with model: buffalo_l
2025-05-17 03:57:59,290 - src.face.embedder - INFO - Initialized face embedder
2025-05-17 03:57:59,290 - src.database.embeddings_db - INFO - Loaded database with 26 identities
2025-05-17 03:57:59,291 - src.access_control.verifier - INFO - Initialized access verifier with standard database
2025-05-17 03:57:59,949 - src.access_control.verifier - INFO - Access GRANTED - Person: Suraj, Score: 0.7623
2025-05-17 03:57:59,949 - __main__ - INFO - Recognized as Suraj with score 0.7623 in 0.651s
2025-05-17 03:57:59,949 - __main__ - INFO - Top matches:
2025-05-17 03:57:59,950 - __main__ - INFO -   Suraj: 0.7623
2025-05-17 03:57:59,950 - __main__ - INFO -   shubham: 0.1555
2025-05-17 03:57:59,950 - __main__ - INFO -   Ranveer Singh: 0.0991
2025-05-17 03:57:59,950 - __main__ - INFO -   Vijay: 0.0905
2025-05-17 03:57:59,950 - __main__ - INFO -   Saina Nehwal: 0.0795
2025-05-17 03:58:00,490 - src.access_control.verifier - INFO - Access GRANTED - Person: Suraj, Score: 0.7623
2025-05-17 03:58:04,707 - __main__ - INFO - Testing completed
