2025-04-02 03:40:03,834 - __main__ - INFO - Using OpenCV detector
2025-04-02 03:40:03,860 - src.access_control.verifier - INFO - Using fixed detector implementation
2025-04-02 03:40:04,186 - faiss.loader - INFO - Loading faiss with AVX512 support.
2025-04-02 03:40:04,210 - faiss.loader - INFO - Successfully loaded faiss with AVX512 support.
2025-04-02 03:40:04,215 - faiss - INFO - Failed to load GPU Faiss: name 'GpuIndexIVFFlat' is not defined. Will not load constructor refs for GPU indexes.
2025-04-02 03:40:04,218 - __main__ - INFO - Testing recognition...
2025-04-02 03:40:04,219 - src.face.detector_fixed - ERROR - Error initializing fixed face detector: No module named 'insightface'
2025-04-02 03:40:04,219 - src.face.detector_fixed - INFO - Trying fallback to directly load detection models...
2025-04-02 03:40:04,219 - src.face.detector_fixed - WARNING - Using fallback implementation with direct ONNX model loading
2025-04-02 03:40:04,219 - src.face.detector_fixed - WARNING - Using extremely basic face detection fallback
2025-04-02 03:40:04,219 - src.face.embedder - INFO - Initialized face embedder
2025-04-02 03:40:04,220 - src.database.embeddings_db - INFO - Loaded database with 52 identities
2025-04-02 03:40:04,220 - src.access_control.verifier - INFO - Initialized access verifier with standard database
2025-04-02 03:40:04,237 - src.access_control.verifier - INFO - Access DENIED - Person: Unknown, Score: 0.0000
2025-04-02 03:40:04,237 - __main__ - INFO - Unknown face with score 0.0000 in 0.002s
2025-04-02 03:40:04,237 - __main__ - INFO - Top matches:
2025-04-02 03:40:04,237 - __main__ - INFO -   Aamir Khan: 0.0000
2025-04-02 03:40:04,237 - __main__ - INFO -   Aishwarya Rai: 0.0000
2025-04-02 03:40:04,237 - __main__ - INFO -   Ajay Devgn: 0.0000
2025-04-02 03:40:04,238 - __main__ - INFO -   Akshay Kumar: 0.0000
2025-04-02 03:40:04,238 - __main__ - INFO -   Alia Bhatt: 0.0000
2025-04-02 03:40:04,239 - src.access_control.verifier - INFO - Access DENIED - Person: Unknown, Score: 0.0000
2025-04-02 03:40:21,886 - __main__ - INFO - Testing completed
