2025-05-17 01:31:15,814 - __main__ - INFO - Using OpenCV detector
2025-05-17 01:31:18,222 - faiss.loader - INFO - Loading faiss with AVX512 support.
2025-05-17 01:31:18,245 - faiss.loader - INFO - Successfully loaded faiss with AVX512 support.
2025-05-17 01:31:18,252 - faiss - INFO - Failed to load GPU Faiss: name 'GpuIndexIVFFlat' is not defined. Will not load constructor refs for GPU indexes.
2025-05-17 01:31:18,257 - __main__ - INFO - Creating database...
2025-05-17 01:31:18,288 - src.face.opencv_detector - INFO - Initialized OpenCV Haar Cascade face detector
2025-05-17 01:31:18,288 - src.face.embedder - INFO - Initialized face embedder
2025-05-17 01:31:18,288 - __main__ - INFO - Creating database from /run/media/suraj/JARVIS/Codebase/faceial-api-backup/celeb_images
2025-05-17 01:31:18,289 - __main__ - INFO - Using standard database
2025-05-17 01:31:18,289 - __main__ - INFO - Found 53 person folders
2025-05-17 01:31:18,292 - __main__ - INFO - Processing Alia Bhatt's images...
2025-05-17 01:31:18,765 - src.database.embeddings_db - INFO - Added identity: Alia Bhatt with 3 images
2025-05-17 01:31:18,766 - __main__ - INFO - Added Alia Bhatt to database with 3 images
2025-05-17 01:31:18,766 - __main__ - INFO - Processing Rajkummar Rao's images...
2025-05-17 01:31:19,826 - src.database.embeddings_db - INFO - Added identity: Rajkummar Rao with 3 images
2025-05-17 01:31:19,827 - __main__ - INFO - Added Rajkummar Rao to database with 3 images
2025-05-17 01:31:19,827 - __main__ - INFO - Processing Salman Khan's images...
2025-05-17 01:31:20,625 - src.database.embeddings_db - INFO - Added identity: Salman Khan with 3 images
2025-05-17 01:31:20,625 - __main__ - INFO - Added Salman Khan to database with 3 images
2025-05-17 01:31:20,625 - __main__ - INFO - Processing Anushka Sharma's images...
2025-05-17 01:31:21,316 - src.database.embeddings_db - INFO - Added identity: Anushka Sharma with 3 images
2025-05-17 01:31:21,317 - __main__ - INFO - Added Anushka Sharma to database with 3 images
2025-05-17 01:31:21,317 - __main__ - INFO - Processing Shah Rukh Khan's images...
2025-05-17 01:31:22,045 - src.database.embeddings_db - INFO - Added identity: Shah Rukh Khan with 3 images
2025-05-17 01:31:22,046 - __main__ - INFO - Added Shah Rukh Khan to database with 3 images
2025-05-17 01:31:22,046 - __main__ - INFO - Processing Sachin Tendulkar's images...
2025-05-17 01:31:22,244 - src.utils.image - WARNING - Failed to read image: /run/media/suraj/JARVIS/Codebase/faceial-api-backup/celeb_images/Sachin Tendulkar/Sachin Tendulkar_2.jpg
2025-05-17 01:31:22,418 - src.database.embeddings_db - INFO - Added identity: Sachin Tendulkar with 2 images
2025-05-17 01:31:22,418 - __main__ - INFO - Added Sachin Tendulkar to database with 2 images
2025-05-17 01:31:22,419 - __main__ - INFO - Processing Hrithik Roshan's images...
2025-05-17 01:31:23,193 - src.database.embeddings_db - INFO - Added identity: Hrithik Roshan with 3 images
2025-05-17 01:31:23,193 - __main__ - INFO - Added Hrithik Roshan to database with 3 images
2025-05-17 01:31:23,194 - __main__ - INFO - Processing shubham's images...
2025-05-17 01:31:24,327 - src.database.embeddings_db - INFO - Added identity: shubham with 3 images
2025-05-17 01:31:24,327 - __main__ - INFO - Added shubham to database with 3 images
2025-05-17 01:31:24,327 - __main__ - INFO - Processing Prabhas's images...
2025-05-17 01:31:25,403 - src.database.embeddings_db - INFO - Added identity: Prabhas with 3 images
2025-05-17 01:31:25,403 - __main__ - INFO - Added Prabhas to database with 3 images
2025-05-17 01:31:25,404 - __main__ - INFO - Processing Sania Mirza's images...
2025-05-17 01:31:26,146 - src.database.embeddings_db - INFO - Added identity: Sania Mirza with 3 images
2025-05-17 01:31:26,146 - __main__ - INFO - Added Sania Mirza to database with 3 images
2025-05-17 01:31:26,147 - __main__ - INFO - Processing Ranveer Singh's images...
2025-05-17 01:31:26,735 - src.database.embeddings_db - INFO - Added identity: Ranveer Singh with 2 images
2025-05-17 01:31:26,735 - __main__ - INFO - Added Ranveer Singh to database with 2 images
2025-05-17 01:31:26,741 - __main__ - INFO - Processing Amit Shah's images...
2025-05-17 01:31:30,792 - src.database.embeddings_db - INFO - Added identity: Amit Shah with 3 images
2025-05-17 01:31:30,792 - __main__ - INFO - Added Amit Shah to database with 3 images
2025-05-17 01:31:30,793 - __main__ - INFO - Processing Aishwarya Rai's images...
2025-05-17 01:31:31,521 - src.database.embeddings_db - INFO - Added identity: Aishwarya Rai with 3 images
2025-05-17 01:31:31,522 - __main__ - INFO - Added Aishwarya Rai to database with 3 images
2025-05-17 01:31:31,522 - __main__ - INFO - Processing Neeraj Chopra's images...
2025-05-17 01:31:32,532 - src.database.embeddings_db - INFO - Added identity: Neeraj Chopra with 3 images
2025-05-17 01:31:32,533 - __main__ - INFO - Added Neeraj Chopra to database with 3 images
2025-05-17 01:31:32,534 - __main__ - INFO - Processing Rohit Sharma's images...
2025-05-17 01:31:34,919 - src.database.embeddings_db - INFO - Added identity: Rohit Sharma with 3 images
2025-05-17 01:31:34,919 - __main__ - INFO - Added Rohit Sharma to database with 3 images
2025-05-17 01:31:34,919 - __main__ - INFO - Processing Ajay Devgn's images...
2025-05-17 01:31:36,617 - src.database.embeddings_db - INFO - Added identity: Ajay Devgn with 3 images
2025-05-17 01:31:36,617 - __main__ - INFO - Added Ajay Devgn to database with 3 images
2025-05-17 01:31:36,618 - __main__ - INFO - Processing Rekha's images...
2025-05-17 01:31:36,624 - src.utils.image - WARNING - Failed to read image: /run/media/suraj/JARVIS/Codebase/faceial-api-backup/celeb_images/Rekha/Rekha_1.jpg
2025-05-17 01:31:36,819 - src.database.embeddings_db - INFO - Added identity: Rekha with 2 images
2025-05-17 01:31:36,820 - __main__ - INFO - Added Rekha to database with 2 images
2025-05-17 01:31:36,820 - __main__ - INFO - Processing Kareena Kapoor's images...
2025-05-17 01:31:38,924 - src.database.embeddings_db - INFO - Added identity: Kareena Kapoor with 3 images
2025-05-17 01:31:38,924 - __main__ - INFO - Added Kareena Kapoor to database with 3 images
2025-05-17 01:31:38,924 - __main__ - INFO - Processing Kamal Haasan's images...
2025-05-17 01:31:39,385 - src.database.embeddings_db - INFO - Added identity: Kamal Haasan with 3 images
2025-05-17 01:31:39,385 - __main__ - INFO - Added Kamal Haasan to database with 3 images
2025-05-17 01:31:39,385 - __main__ - INFO - Processing Aamir Khan's images...
2025-05-17 01:31:40,384 - src.database.embeddings_db - INFO - Added identity: Aamir Khan with 3 images
2025-05-17 01:31:40,384 - __main__ - INFO - Added Aamir Khan to database with 3 images
2025-05-17 01:31:40,385 - __main__ - INFO - Processing Virat Kohli's images...
2025-05-17 01:31:41,681 - src.database.embeddings_db - INFO - Added identity: Virat Kohli with 3 images
2025-05-17 01:31:41,681 - __main__ - INFO - Added Virat Kohli to database with 3 images
2025-05-17 01:31:41,681 - __main__ - INFO - Processing Sourav Ganguly's images...
2025-05-17 01:31:43,515 - src.database.embeddings_db - INFO - Added identity: Sourav Ganguly with 3 images
2025-05-17 01:31:43,515 - __main__ - INFO - Added Sourav Ganguly to database with 3 images
2025-05-17 01:31:43,515 - __main__ - INFO - Processing Amitabh Bachchan's images...
2025-05-17 01:31:44,136 - src.database.embeddings_db - INFO - Added identity: Amitabh Bachchan with 3 images
2025-05-17 01:31:44,136 - __main__ - INFO - Added Amitabh Bachchan to database with 3 images
2025-05-17 01:31:44,142 - __main__ - INFO - Processing Akshay Kumar's images...
2025-05-17 01:31:44,763 - src.database.embeddings_db - INFO - Added identity: Akshay Kumar with 3 images
2025-05-17 01:31:44,763 - __main__ - INFO - Added Akshay Kumar to database with 3 images
2025-05-17 01:31:44,764 - __main__ - INFO - Processing Mary Kom's images...
2025-05-17 01:31:45,571 - src.database.embeddings_db - INFO - Added identity: Mary Kom with 2 images
2025-05-17 01:31:45,571 - __main__ - INFO - Added Mary Kom to database with 2 images
2025-05-17 01:31:45,571 - __main__ - INFO - Processing Rajinikanth's images...
2025-05-17 01:31:46,695 - src.database.embeddings_db - INFO - Added identity: Rajinikanth with 3 images
2025-05-17 01:31:46,695 - __main__ - INFO - Added Rajinikanth to database with 3 images
2025-05-17 01:31:46,695 - __main__ - INFO - Processing Dhanush's images...
2025-05-17 01:31:48,721 - src.database.embeddings_db - INFO - Added identity: Dhanush with 3 images
2025-05-17 01:31:48,722 - __main__ - INFO - Added Dhanush to database with 3 images
2025-05-17 01:31:48,722 - __main__ - INFO - Processing Suraj's images...
2025-05-17 01:31:50,621 - src.database.embeddings_db - INFO - Added identity: Suraj with 4 images
2025-05-17 01:31:50,621 - __main__ - INFO - Added Suraj to database with 4 images
2025-05-17 01:31:50,621 - __main__ - INFO - Processing mayank's images...
2025-05-17 01:31:54,057 - src.database.embeddings_db - INFO - Added identity: mayank with 3 images
2025-05-17 01:31:54,057 - __main__ - INFO - Added mayank to database with 3 images
2025-05-17 01:31:54,060 - __main__ - INFO - Processing MS Dhoni's images...
2025-05-17 01:31:56,182 - src.database.embeddings_db - INFO - Added identity: MS Dhoni with 3 images
2025-05-17 01:31:56,182 - __main__ - INFO - Added MS Dhoni to database with 3 images
2025-05-17 01:31:56,183 - __main__ - INFO - Processing Hardik Pandya's images...
2025-05-17 01:31:56,566 - src.database.embeddings_db - INFO - Added identity: Hardik Pandya with 2 images
2025-05-17 01:31:56,566 - __main__ - INFO - Added Hardik Pandya to database with 2 images
2025-05-17 01:31:56,567 - __main__ - INFO - Processing Rahul Dravid's images...
2025-05-17 01:31:58,139 - src.database.embeddings_db - INFO - Added identity: Rahul Dravid with 3 images
2025-05-17 01:31:58,139 - __main__ - INFO - Added Rahul Dravid to database with 3 images
2025-05-17 01:31:58,140 - __main__ - INFO - Processing Katrina Kaif's images...
2025-05-17 01:31:59,118 - src.database.embeddings_db - INFO - Added identity: Katrina Kaif with 3 images
2025-05-17 01:31:59,118 - __main__ - INFO - Added Katrina Kaif to database with 3 images
2025-05-17 01:31:59,119 - __main__ - INFO - Processing Priyanka Chopra's images...
2025-05-17 01:32:02,644 - src.database.embeddings_db - INFO - Added identity: Priyanka Chopra with 3 images
2025-05-17 01:32:02,644 - __main__ - INFO - Added Priyanka Chopra to database with 3 images
2025-05-17 01:32:02,645 - __main__ - INFO - Processing Madhuri Dixit's images...
2025-05-17 01:32:03,273 - src.database.embeddings_db - INFO - Added identity: Madhuri Dixit with 3 images
2025-05-17 01:32:03,273 - __main__ - INFO - Added Madhuri Dixit to database with 3 images
2025-05-17 01:32:03,273 - __main__ - INFO - Processing Vidya Balan's images...
2025-05-17 01:32:04,203 - src.database.embeddings_db - INFO - Added identity: Vidya Balan with 3 images
2025-05-17 01:32:04,203 - __main__ - INFO - Added Vidya Balan to database with 3 images
2025-05-17 01:32:04,204 - __main__ - INFO - Processing Ranbir Kapoor's images...
2025-05-17 01:32:05,081 - src.database.embeddings_db - INFO - Added identity: Ranbir Kapoor with 3 images
2025-05-17 01:32:05,081 - __main__ - INFO - Added Ranbir Kapoor to database with 3 images
2025-05-17 01:32:05,081 - __main__ - INFO - Processing Sunil Chhetri's images...
2025-05-17 01:32:05,593 - src.database.embeddings_db - INFO - Added identity: Sunil Chhetri with 3 images
2025-05-17 01:32:05,593 - __main__ - INFO - Added Sunil Chhetri to database with 3 images
2025-05-17 01:32:05,594 - __main__ - INFO - Processing Sonam Kapoor's images...
2025-05-17 01:32:06,636 - src.database.embeddings_db - INFO - Added identity: Sonam Kapoor with 3 images
2025-05-17 01:32:06,636 - __main__ - INFO - Added Sonam Kapoor to database with 3 images
2025-05-17 01:32:06,636 - __main__ - INFO - Processing Sridevi's images...
2025-05-17 01:32:07,728 - src.database.embeddings_db - INFO - Added identity: Sridevi with 3 images
2025-05-17 01:32:07,734 - __main__ - INFO - Added Sridevi to database with 3 images
2025-05-17 01:32:07,735 - __main__ - INFO - Processing vipin's images...
2025-05-17 01:32:10,517 - src.database.embeddings_db - INFO - Added identity: vipin with 5 images
2025-05-17 01:32:10,517 - __main__ - INFO - Added vipin to database with 5 images
2025-05-17 01:32:10,517 - __main__ - INFO - Processing Arvind Kejriwal's images...
2025-05-17 01:32:11,572 - src.database.embeddings_db - INFO - Added identity: Arvind Kejriwal with 3 images
2025-05-17 01:32:11,573 - __main__ - INFO - Added Arvind Kejriwal to database with 3 images
2025-05-17 01:32:11,573 - __main__ - INFO - Processing Ayushmann Khurrana's images...
2025-05-17 01:32:11,908 - src.database.embeddings_db - INFO - Added identity: Ayushmann Khurrana with 3 images
2025-05-17 01:32:11,909 - __main__ - INFO - Added Ayushmann Khurrana to database with 3 images
2025-05-17 01:32:11,909 - __main__ - INFO - Processing Saina Nehwal's images...
2025-05-17 01:32:18,416 - src.database.embeddings_db - INFO - Added identity: Saina Nehwal with 3 images
2025-05-17 01:32:18,416 - __main__ - INFO - Added Saina Nehwal to database with 3 images
2025-05-17 01:32:18,417 - __main__ - INFO - Processing Rani Mukerji's images...
2025-05-17 01:32:18,819 - src.database.embeddings_db - INFO - Added identity: Rani Mukerji with 2 images
2025-05-17 01:32:18,819 - __main__ - INFO - Added Rani Mukerji to database with 2 images
2025-05-17 01:32:18,819 - __main__ - INFO - Processing Deepika Padukone's images...
2025-05-17 01:32:20,728 - src.database.embeddings_db - INFO - Added identity: Deepika Padukone with 3 images
2025-05-17 01:32:20,728 - __main__ - INFO - Added Deepika Padukone to database with 3 images
2025-05-17 01:32:20,728 - __main__ - INFO - Processing Sushmita Sen's images...
2025-05-17 01:32:21,780 - src.database.embeddings_db - INFO - Added identity: Sushmita Sen with 3 images
2025-05-17 01:32:21,780 - __main__ - INFO - Added Sushmita Sen to database with 3 images
2025-05-17 01:32:21,780 - __main__ - INFO - Processing Vijay's images...
2025-05-17 01:32:22,689 - src.database.embeddings_db - INFO - Added identity: Vijay with 3 images
2025-05-17 01:32:22,689 - __main__ - INFO - Added Vijay to database with 3 images
2025-05-17 01:32:22,689 - __main__ - INFO - Processing Narendra Modi's images...
2025-05-17 01:32:23,476 - src.database.embeddings_db - INFO - Added identity: Narendra Modi with 3 images
2025-05-17 01:32:23,476 - __main__ - INFO - Added Narendra Modi to database with 3 images
2025-05-17 01:32:23,477 - __main__ - INFO - Processing PV Sindhu's images...
2025-05-17 01:32:23,984 - src.database.embeddings_db - INFO - Added identity: PV Sindhu with 3 images
2025-05-17 01:32:23,984 - __main__ - INFO - Added PV Sindhu to database with 3 images
2025-05-17 01:32:23,984 - __main__ - INFO - Processing Allu Arjun's images...
2025-05-17 01:32:24,779 - src.database.embeddings_db - INFO - Added identity: Allu Arjun with 3 images
2025-05-17 01:32:24,780 - __main__ - INFO - Added Allu Arjun to database with 3 images
2025-05-17 01:32:24,780 - __main__ - INFO - Processing Jasprit Bumrah's images...
2025-05-17 01:32:25,308 - src.database.embeddings_db - INFO - Added identity: Jasprit Bumrah with 3 images
2025-05-17 01:32:25,308 - __main__ - INFO - Added Jasprit Bumrah to database with 3 images
2025-05-17 01:32:25,308 - __main__ - INFO - Processing Rahul Gandhi's images...
2025-05-17 01:32:26,024 - src.database.embeddings_db - INFO - Added identity: Rahul Gandhi with 3 images
2025-05-17 01:32:26,024 - __main__ - INFO - Added Rahul Gandhi to database with 3 images
2025-05-17 01:32:26,032 - src.database.embeddings_db - INFO - Saved database with 53 identities
2025-05-17 01:32:26,032 - __main__ - INFO - Database created with 53 identities
2025-05-17 01:32:26,032 - __main__ - INFO - Identities: Alia Bhatt, Rajkummar Rao, Salman Khan, Anushka Sharma, Shah Rukh Khan, Sachin Tendulkar, Hrithik Roshan, shubham, Prabhas, Sania Mirza, Ranveer Singh, Amit Shah, Aishwarya Rai, Neeraj Chopra, Rohit Sharma, Ajay Devgn, Rekha, Kareena Kapoor, Kamal Haasan, Aamir Khan, Virat Kohli, Sourav Ganguly, Amitabh Bachchan, Akshay Kumar, Mary Kom, Rajinikanth, Dhanush, Suraj, mayank, MS Dhoni, Hardik Pandya, Rahul Dravid, Katrina Kaif, Priyanka Chopra, Madhuri Dixit, Vidya Balan, Ranbir Kapoor, Sunil Chhetri, Sonam Kapoor, Sridevi, vipin, Arvind Kejriwal, Ayushmann Khurrana, Saina Nehwal, Rani Mukerji, Deepika Padukone, Sushmita Sen, Vijay, Narendra Modi, PV Sindhu, Allu Arjun, Jasprit Bumrah, Rahul Gandhi
2025-05-17 01:32:26,199 - __main__ - INFO - Database creation completed
