2025-04-02 04:03:58,945 - __main__ - INFO - Using OpenCV detector
2025-04-02 04:03:58,946 - src.access_control.verifier - INFO - Using OpenCV detector
2025-04-02 04:03:59,474 - faiss.loader - INFO - Loading faiss with AVX512 support.
2025-04-02 04:03:59,488 - faiss.loader - INFO - Successfully loaded faiss with AVX512 support.
2025-04-02 04:03:59,492 - faiss - INFO - Failed to load GPU Faiss: name 'GpuIndexIVFFlat' is not defined. Will not load constructor refs for GPU indexes.
2025-04-02 04:03:59,495 - __main__ - INFO - Testing recognition...
2025-04-02 04:03:59,510 - src.face.opencv_detector - INFO - Initialized OpenCV Haar Cascade face detector
2025-04-02 04:03:59,510 - src.face.embedder - INFO - Initialized face embedder
2025-04-02 04:03:59,511 - src.database.embeddings_db - INFO - Loaded database with 52 identities
2025-04-02 04:03:59,511 - src.access_control.verifier - INFO - Initialized access verifier with standard database
2025-04-02 04:03:59,823 - src.access_control.verifier - INFO - Access DENIED - Person: Unknown, Score: 0.0000
2025-04-02 04:03:59,823 - __main__ - INFO - Unknown face with score 0.0000 in 0.287s
2025-04-02 04:03:59,823 - __main__ - INFO - Top matches:
2025-04-02 04:03:59,823 - __main__ - INFO -   Prabhas: 0.1183
2025-04-02 04:03:59,823 - __main__ - INFO -   Deepika Padukone: 0.1018
2025-04-02 04:03:59,823 - __main__ - INFO -   Aamir Khan: 0.0961
2025-04-02 04:03:59,823 - __main__ - INFO -   Kamal Haasan: 0.0948
2025-04-02 04:03:59,823 - __main__ - INFO -   Rahul Gandhi: 0.0880
2025-04-02 04:04:00,080 - src.access_control.verifier - INFO - Access DENIED - Person: Unknown, Score: 0.0000
2025-04-02 04:04:00,097 - __main__ - INFO - Saved result to result.jpg
2025-04-02 04:04:00,104 - __main__ - INFO - Testing completed
