2025-05-17 01:27:30,296 - __main__ - INFO - Using OpenCV detector
2025-05-17 01:27:30,298 - src.access_control.verifier - INFO - Using OpenCV detector
2025-05-17 01:27:31,227 - faiss.loader - INFO - Loading faiss with AVX512 support.
2025-05-17 01:27:31,250 - faiss.loader - INFO - Successfully loaded faiss with AVX512 support.
2025-05-17 01:27:31,258 - faiss - INFO - Failed to load GPU Faiss: name 'GpuIndexIVFFlat' is not defined. Will not load constructor refs for GPU indexes.
2025-05-17 01:27:31,261 - __main__ - INFO - Testing recognition...
2025-05-17 01:27:31,292 - src.face.opencv_detector - INFO - Initialized OpenCV Haar Cascade face detector
2025-05-17 01:27:31,292 - src.face.embedder - INFO - Initialized face embedder
2025-05-17 01:27:31,293 - src.database.embeddings_db - INFO - Loaded database with 54 identities
2025-05-17 01:27:31,293 - src.access_control.verifier - INFO - Initialized access verifier with standard database
2025-05-17 01:27:31,555 - src.access_control.verifier - INFO - Access DENIED - Person: Unknown, Score: 0.0000
2025-05-17 01:27:31,555 - __main__ - INFO - Unknown face with score 0.0000 in 0.242s
2025-05-17 01:27:31,556 - __main__ - INFO - Top matches:
2025-05-17 01:27:31,556 - __main__ - INFO -   mayank: 0.1316
2025-05-17 01:27:31,556 - __main__ - INFO -   Amit Shah: 0.0932
2025-05-17 01:27:31,556 - __main__ - INFO -   Sachin Tendulkar: 0.0756
2025-05-17 01:27:31,556 - __main__ - INFO -   MS Dhoni: 0.0692
2025-05-17 01:27:31,556 - __main__ - INFO -   Shah Rukh Khan: 0.0666
2025-05-17 01:27:31,740 - src.access_control.verifier - INFO - Access DENIED - Person: Unknown, Score: 0.0000
2025-05-17 01:27:34,222 - __main__ - INFO - Testing completed
