2025-04-02 04:04:12,983 - __main__ - INFO - Using OpenCV detector
2025-04-02 04:04:12,983 - src.access_control.verifier - INFO - Using OpenCV detector
2025-04-02 04:04:13,533 - faiss.loader - INFO - Loading faiss with AVX512 support.
2025-04-02 04:04:13,550 - faiss.loader - INFO - Successfully loaded faiss with AVX512 support.
2025-04-02 04:04:13,557 - faiss - INFO - Failed to load GPU Faiss: name 'GpuIndexIVFFlat' is not defined. Will not load constructor refs for GPU indexes.
2025-04-02 04:04:13,561 - __main__ - INFO - Testing recognition...
2025-04-02 04:04:13,586 - src.face.opencv_detector - INFO - Initialized OpenCV Haar Cascade face detector
2025-04-02 04:04:13,586 - src.face.embedder - INFO - Initialized face embedder
2025-04-02 04:04:13,586 - src.database.embeddings_db - INFO - Loaded database with 52 identities
2025-04-02 04:04:13,586 - src.access_control.verifier - INFO - Initialized access verifier with standard database
2025-04-02 04:04:14,088 - src.access_control.verifier - INFO - Access DENIED - Person: Unknown, Score: 0.0000
2025-04-02 04:04:14,089 - __main__ - INFO - Unknown face with score 0.0000 in 0.492s
2025-04-02 04:04:14,089 - __main__ - INFO - Top matches:
2025-04-02 04:04:14,089 - __main__ - INFO -   Akshay Kumar: 0.1076
2025-04-02 04:04:14,089 - __main__ - INFO -   PV Sindhu: 0.0958
2025-04-02 04:04:14,089 - __main__ - INFO -   Narendra Modi: 0.0949
2025-04-02 04:04:14,089 - __main__ - INFO -   Rajkummar Rao: 0.0877
2025-04-02 04:04:14,089 - __main__ - INFO -   Vidya Balan: 0.0833
2025-04-02 04:04:14,499 - src.access_control.verifier - INFO - Access DENIED - Person: Unknown, Score: 0.0000
2025-04-02 04:04:57,068 - __main__ - INFO - Testing completed
