2025-05-17 01:51:24,949 - __main__ - ERROR - Error importing OpenCV detector: No module named 'src.face.opencv_detector'
2025-05-17 01:51:28,038 - __main__ - INFO - Using fixed detector
2025-05-17 01:51:28,425 - faiss.loader - INFO - Loading faiss with AVX512 support.
2025-05-17 01:51:28,446 - faiss.loader - INFO - Successfully loaded faiss with AVX512 support.
2025-05-17 01:51:28,451 - faiss - INFO - Failed to load GPU Faiss: name 'GpuIndexIVFFlat' is not defined. Will not load constructor refs for GPU indexes.
2025-05-17 01:51:28,455 - __main__ - INFO - Testing recognition...
2025-05-17 01:51:29,534 - src.face.detector - INFO - Initialized face detector with model: buffalo_l
2025-05-17 01:51:29,534 - src.face.embedder - INFO - Initialized face embedder
2025-05-17 01:51:29,535 - src.database.embeddings_db - INFO - Loaded database with 26 identities
2025-05-17 01:51:29,535 - src.access_control.verifier - INFO - Initialized access verifier with standard database
2025-05-17 01:51:30,109 - src.access_control.verifier - INFO - Access GRANTED - Person: Suraj, Score: 0.8756
2025-05-17 01:51:30,109 - __main__ - INFO - Recognized as Suraj with score 0.8756 in 0.571s
2025-05-17 01:51:30,110 - __main__ - INFO - Top matches:
2025-05-17 01:51:30,110 - __main__ - INFO -   Suraj: 0.8756
2025-05-17 01:51:30,110 - __main__ - INFO -   shubham: 0.2714
2025-05-17 01:51:30,110 - __main__ - INFO -   Vijay: 0.1200
2025-05-17 01:51:30,110 - __main__ - INFO -   Rajinikanth: 0.0766
2025-05-17 01:51:30,110 - __main__ - INFO -   vipin: 0.0706
2025-05-17 01:51:30,697 - src.access_control.verifier - INFO - Access GRANTED - Person: Suraj, Score: 0.8756
2025-05-17 01:51:32,049 - __main__ - INFO - Testing completed
