2025-04-02 03:44:45,352 - __main__ - INFO - Using OpenCV detector
2025-04-02 03:44:45,376 - src.access_control.verifier - INFO - Using fixed detector implementation
2025-04-02 03:44:45,708 - faiss.loader - INFO - Loading faiss with AVX512 support.
2025-04-02 03:44:45,729 - faiss.loader - INFO - Successfully loaded faiss with AVX512 support.
2025-04-02 03:44:45,732 - faiss - INFO - Failed to load GPU Faiss: name 'GpuIndexIVFFlat' is not defined. Will not load constructor refs for GPU indexes.
2025-04-02 03:44:45,734 - __main__ - INFO - Creating database...
2025-04-02 03:44:45,754 - src.face.opencv_detector - INFO - Initialized OpenCV Haar Cascade face detector
2025-04-02 03:44:45,754 - src.face.embedder - INFO - Initialized face embedder
2025-04-02 03:44:45,755 - src.database.embeddings_db - INFO - Loaded database with 52 identities
2025-04-02 03:44:45,755 - __main__ - INFO - Creating database from face_data
2025-04-02 03:44:45,755 - __main__ - INFO - Using standard database
2025-04-02 03:44:45,756 - __main__ - INFO - Found 3 person folders
2025-04-02 03:44:45,766 - __main__ - INFO - Processing Person_2's images...
2025-04-02 03:44:45,870 - __main__ - WARNING - No face detected in face_data/Person_2/image_3.jpg
2025-04-02 03:44:45,959 - __main__ - WARNING - No face detected in face_data/Person_2/image_1.jpg
2025-04-02 03:44:46,048 - __main__ - WARNING - No face detected in face_data/Person_2/image_5.jpg
2025-04-02 03:44:46,138 - __main__ - WARNING - No face detected in face_data/Person_2/image_2.jpg
2025-04-02 03:44:46,228 - __main__ - WARNING - No face detected in face_data/Person_2/image_4.jpg
2025-04-02 03:44:46,229 - __main__ - WARNING - Too few valid images for Person_2: 0 < 1
2025-04-02 03:44:46,229 - __main__ - INFO - Processing Person_3's images...
2025-04-02 03:44:46,316 - __main__ - WARNING - No face detected in face_data/Person_3/image_3.jpg
2025-04-02 03:44:46,400 - __main__ - WARNING - No face detected in face_data/Person_3/image_1.jpg
2025-04-02 03:44:46,482 - __main__ - WARNING - No face detected in face_data/Person_3/image_5.jpg
2025-04-02 03:44:46,565 - __main__ - WARNING - No face detected in face_data/Person_3/image_2.jpg
2025-04-02 03:44:46,647 - __main__ - WARNING - No face detected in face_data/Person_3/image_4.jpg
2025-04-02 03:44:46,647 - __main__ - WARNING - Too few valid images for Person_3: 0 < 1
2025-04-02 03:44:46,647 - __main__ - INFO - Processing Person_1's images...
2025-04-02 03:44:46,729 - __main__ - WARNING - No face detected in face_data/Person_1/image_3.jpg
2025-04-02 03:44:46,812 - __main__ - WARNING - No face detected in face_data/Person_1/image_1.jpg
2025-04-02 03:44:46,894 - __main__ - WARNING - No face detected in face_data/Person_1/image_5.jpg
2025-04-02 03:44:46,976 - __main__ - WARNING - No face detected in face_data/Person_1/image_2.jpg
2025-04-02 03:44:47,059 - __main__ - WARNING - No face detected in face_data/Person_1/image_4.jpg
2025-04-02 03:44:47,059 - __main__ - WARNING - Too few valid images for Person_1: 0 < 1
2025-04-02 03:44:47,065 - src.database.embeddings_db - INFO - Saved database with 52 identities
2025-04-02 03:44:47,066 - __main__ - INFO - Database created with 52 identities
2025-04-02 03:44:47,066 - __main__ - INFO - Identities: Aamir Khan, Aishwarya Rai, Ajay Devgn, Akshay Kumar, Alia Bhatt, Allu Arjun, Amit Shah, Amitabh Bachchan, Anushka Sharma, Arvind Kejriwal, Ayushmann Khurrana, Deepika Padukone, Dhanush, Hardik Pandya, Hrithik Roshan, Jasprit Bumrah, Kamal Haasan, Kareena Kapoor, Katrina Kaif, Madhuri Dixit, Mary Kom, mayank, MS Dhoni, Narendra Modi, Neeraj Chopra, Prabhas, Priyanka Chopra, PV Sindhu, Rahul Dravid, Rahul Gandhi, Rajinikanth, Rajkummar Rao, Ranbir Kapoor, Rani Mukerji, Ranveer Singh, Rekha, Rohit Sharma, Sachin Tendulkar, Saina Nehwal, Salman Khan, Sania Mirza, Shah Rukh Khan, shubham, Sonam Kapoor, Sourav Ganguly, Sridevi, Sunil Chhetri, Sushmita Sen, Vidya Balan, Vijay, Virat Kohli, vipin
2025-04-02 03:44:47,066 - __main__ - INFO - Database creation completed
