2025-04-03 00:52:53,014 - __main__ - INFO - Using OpenCV detector
2025-04-03 00:52:53,015 - src.access_control.verifier - INFO - Using OpenCV detector
2025-04-03 00:52:53,847 - faiss.loader - INFO - Loading faiss with AVX512 support.
2025-04-03 00:52:53,875 - faiss.loader - INFO - Successfully loaded faiss with AVX512 support.
2025-04-03 00:52:53,880 - faiss - INFO - Failed to load GPU Faiss: name 'GpuIndexIVFFlat' is not defined. Will not load constructor refs for GPU indexes.
2025-04-03 00:52:53,883 - __main__ - INFO - Testing recognition...
2025-04-03 00:52:53,902 - src.face.opencv_detector - INFO - Initialized OpenCV Haar Cascade face detector
2025-04-03 00:52:53,902 - src.face.embedder - INFO - Initialized face embedder
2025-04-03 00:52:53,903 - src.database.embeddings_db - INFO - Loaded database with 52 identities
2025-04-03 00:52:53,903 - src.access_control.verifier - INFO - Initialized access verifier with standard database
2025-04-03 00:52:54,197 - src.access_control.verifier - INFO - Access DENIED - Person: Unknown, Score: 0.0000
2025-04-03 00:52:54,197 - __main__ - INFO - Unknown face with score 0.0000 in 0.272s
2025-04-03 00:52:54,197 - __main__ - INFO - Top matches:
2025-04-03 00:52:54,198 - __main__ - INFO -   MS Dhoni: 0.0875
2025-04-03 00:52:54,198 - __main__ - INFO -   Hrithik Roshan: 0.0774
2025-04-03 00:52:54,198 - __main__ - INFO -   Rahul Dravid: 0.0677
2025-04-03 00:52:54,198 - __main__ - INFO -   Virat Kohli: 0.0633
2025-04-03 00:52:54,198 - __main__ - INFO -   Ranveer Singh: 0.0605
2025-04-03 00:52:54,457 - src.access_control.verifier - INFO - Access DENIED - Person: Unknown, Score: 0.0000
2025-04-03 00:52:57,495 - __main__ - INFO - Testing completed
