2025-04-02 04:00:30,982 - __main__ - INFO - Using OpenCV detector
2025-04-02 04:00:30,983 - src.access_control.verifier - INFO - Using OpenCV detector
2025-04-02 04:00:31,514 - faiss.loader - INFO - Loading faiss with AVX512 support.
2025-04-02 04:00:31,532 - faiss.loader - INFO - Successfully loaded faiss with AVX512 support.
2025-04-02 04:00:31,541 - faiss - INFO - Failed to load GPU Faiss: name 'GpuIndexIVFFlat' is not defined. Will not load constructor refs for GPU indexes.
2025-04-02 04:00:31,544 - __main__ - INFO - Testing recognition...
2025-04-02 04:00:31,568 - src.face.opencv_detector - INFO - Initialized OpenCV Haar Cascade face detector
2025-04-02 04:00:31,568 - src.face.embedder - INFO - Initialized face embedder
2025-04-02 04:00:31,569 - src.database.embeddings_db - INFO - Loaded database with 52 identities
2025-04-02 04:00:31,569 - src.access_control.verifier - INFO - Initialized access verifier with standard database
2025-04-02 04:00:32,026 - src.access_control.verifier - INFO - Access DENIED - Person: Unknown, Score: 0.0000
2025-04-02 04:00:32,026 - __main__ - INFO - Unknown face with score 0.0000 in 0.447s
2025-04-02 04:00:32,026 - __main__ - INFO - Top matches:
2025-04-02 04:00:32,026 - __main__ - INFO -   Aamir Khan: 0.1193
2025-04-02 04:00:32,026 - __main__ - INFO -   mayank: 0.0691
2025-04-02 04:00:32,026 - __main__ - INFO -   Vidya Balan: 0.0639
2025-04-02 04:00:32,026 - __main__ - INFO -   Rani Mukerji: 0.0597
2025-04-02 04:00:32,026 - __main__ - INFO -   Virat Kohli: 0.0593
2025-04-02 04:00:32,422 - src.access_control.verifier - INFO - Access DENIED - Person: Unknown, Score: 0.0000
2025-04-02 04:00:33,846 - __main__ - INFO - Testing completed
