2025-04-02 03:44:55,729 - __main__ - INFO - Using OpenCV detector
2025-04-02 03:44:55,752 - src.access_control.verifier - INFO - Using fixed detector implementation
2025-04-02 03:44:56,081 - faiss.loader - INFO - Loading faiss with AVX512 support.
2025-04-02 03:44:56,099 - faiss.loader - INFO - Successfully loaded faiss with AVX512 support.
2025-04-02 03:44:56,102 - faiss - INFO - Failed to load GPU Faiss: name 'GpuIndexIVFFlat' is not defined. Will not load constructor refs for GPU indexes.
2025-04-02 03:44:56,106 - __main__ - INFO - Testing recognition...
2025-04-02 03:44:56,106 - src.face.detector_fixed - ERROR - Error initializing fixed face detector: No module named 'insightface'
2025-04-02 03:44:56,106 - src.face.detector_fixed - INFO - Trying fallback to directly load detection models...
2025-04-02 03:44:56,106 - src.face.detector_fixed - WARNING - Using fallback implementation with direct ONNX model loading
2025-04-02 03:44:56,107 - src.face.detector_fixed - WARNING - Using extremely basic face detection fallback
2025-04-02 03:44:56,107 - src.face.embedder - INFO - Initialized face embedder
2025-04-02 03:44:56,107 - src.database.embeddings_db - INFO - Loaded database with 52 identities
2025-04-02 03:44:56,107 - src.access_control.verifier - INFO - Initialized access verifier with standard database
2025-04-02 03:44:56,122 - src.access_control.verifier - INFO - Access DENIED - Person: Unknown, Score: 0.0000
2025-04-02 03:44:56,122 - __main__ - INFO - Unknown face with score 0.0000 in 0.001s
2025-04-02 03:44:56,122 - __main__ - INFO - Top matches:
2025-04-02 03:44:56,123 - __main__ - INFO -   Aamir Khan: 0.0000
2025-04-02 03:44:56,123 - __main__ - INFO -   Aishwarya Rai: 0.0000
2025-04-02 03:44:56,123 - __main__ - INFO -   Ajay Devgn: 0.0000
2025-04-02 03:44:56,123 - __main__ - INFO -   Akshay Kumar: 0.0000
2025-04-02 03:44:56,123 - __main__ - INFO -   Alia Bhatt: 0.0000
2025-04-02 03:44:56,125 - src.access_control.verifier - INFO - Access DENIED - Person: Unknown, Score: 0.0000
2025-04-02 03:45:00,076 - __main__ - INFO - Testing completed
